0 info it worked if it ends with ok
1 verbose cli [ '/usr/local/bin/node',
1 verbose cli   '/usr/local/bin/npm',
1 verbose cli   'install',
1 verbose cli   'git@github.com:jishi/node-sonos-discovery.git',
1 verbose cli   '--save' ]
2 info using npm@2.14.7
3 info using node@v4.2.4
4 verbose install initial load of /Users/marvin/Sites/sonos-controller/package.json
5 warn package.json soplay@0.0.2 No repository field.
6 warn package.json soplay@0.0.2 No license field.
7 verbose installManyTop reading scoped package data from /Users/marvin/Sites/sonos-controller/node_modules/babel-core/package.json
8 verbose installManyTop reading scoped package data from /Users/marvin/Sites/sonos-controller/node_modules/babel-loader/package.json
9 verbose installManyTop reading scoped package data from /Users/marvin/Sites/sonos-controller/node_modules/babel-plugin-react-transform/package.json
10 verbose installManyTop reading scoped package data from /Users/marvin/Sites/sonos-controller/node_modules/babel-plugin-syntax-class-properties/package.json
11 verbose installManyTop reading scoped package data from /Users/marvin/Sites/sonos-controller/node_modules/babel-plugin-syntax-decorators/package.json
12 verbose installManyTop reading scoped package data from /Users/marvin/Sites/sonos-controller/node_modules/babel-plugin-syntax-object-rest-spread/package.json
13 verbose installManyTop reading scoped package data from /Users/marvin/Sites/sonos-controller/node_modules/babel-plugin-transform-class-properties/package.json
14 verbose installManyTop reading scoped package data from /Users/marvin/Sites/sonos-controller/node_modules/babel-plugin-transform-object-rest-spread/package.json
15 verbose installManyTop reading scoped package data from /Users/marvin/Sites/sonos-controller/node_modules/babel-preset-es2015/package.json
16 verbose installManyTop reading scoped package data from /Users/marvin/Sites/sonos-controller/node_modules/babel-preset-react/package.json
17 verbose installManyTop reading scoped package data from /Users/marvin/Sites/sonos-controller/node_modules/babel-preset-stage-0/package.json
18 verbose installManyTop reading scoped package data from /Users/marvin/Sites/sonos-controller/node_modules/css-loader/package.json
19 verbose installManyTop reading scoped package data from /Users/marvin/Sites/sonos-controller/node_modules/electron-prebuilt/package.json
20 verbose installManyTop reading scoped package data from /Users/marvin/Sites/sonos-controller/node_modules/file-loader/package.json
21 verbose installManyTop reading scoped package data from /Users/marvin/Sites/sonos-controller/node_modules/react/package.json
22 verbose installManyTop reading scoped package data from /Users/marvin/Sites/sonos-controller/node_modules/react-dom/package.json
23 verbose installManyTop reading scoped package data from /Users/marvin/Sites/sonos-controller/node_modules/react-redux/package.json
24 verbose installManyTop reading scoped package data from /Users/marvin/Sites/sonos-controller/node_modules/redux/package.json
25 verbose installManyTop reading scoped package data from /Users/marvin/Sites/sonos-controller/node_modules/sonos/package.json
26 verbose installManyTop reading scoped package data from /Users/marvin/Sites/sonos-controller/node_modules/style-loader/package.json
27 verbose installManyTop reading scoped package data from /Users/marvin/Sites/sonos-controller/node_modules/stylus-loader/package.json
28 verbose installManyTop reading scoped package data from /Users/marvin/Sites/sonos-controller/node_modules/webpack/package.json
29 verbose readDependencies loading dependencies from /Users/marvin/Sites/sonos-controller/package.json
30 verbose stack Error: Unsupported URL Type: github.com:jishi/node-sonos-discovery.git
30 verbose stack     at parseUrl (/usr/local/lib/node_modules/npm/node_modules/npm-package-arg/npa.js:168:13)
30 verbose stack     at npa (/usr/local/lib/node_modules/npm/node_modules/npm-package-arg/npa.js:75:12)
30 verbose stack     at resolver (/usr/local/lib/node_modules/npm/lib/install.js:845:42)
30 verbose stack     at /usr/local/lib/node_modules/npm/node_modules/slide/lib/async-map.js:52:35
30 verbose stack     at Array.forEach (native)
30 verbose stack     at /usr/local/lib/node_modules/npm/node_modules/slide/lib/async-map.js:52:11
30 verbose stack     at Array.forEach (native)
30 verbose stack     at asyncMap (/usr/local/lib/node_modules/npm/node_modules/slide/lib/async-map.js:51:8)
30 verbose stack     at /usr/local/lib/node_modules/npm/lib/install.js:703:5
30 verbose stack     at ReadFileContext.<anonymous> (/usr/local/lib/node_modules/npm/lib/install.js:368:22)
31 verbose cwd /Users/marvin/Sites/sonos-controller
32 error Darwin 15.3.0
33 error argv "/usr/local/bin/node" "/usr/local/bin/npm" "install" "git@github.com:jishi/node-sonos-discovery.git" "--save"
34 error node v4.2.4
35 error npm  v2.14.7
36 error Unsupported URL Type: github.com:jishi/node-sonos-discovery.git
37 error If you need help, you may report this error at:
37 error     <https://github.com/npm/npm/issues>
38 verbose exit [ 1, true ]
